<?xml version="1.0" encoding="UTF-8"?>
<testng-results ignored="0" total="1" passed="1" failed="0" skipped="0">
  <reporter-output>
  </reporter-output>
  <suite started-at="2022-11-21T11:54:40 IST" name="Default suite" finished-at="2022-11-21T11:54:40 IST" duration-ms="47">
    <groups>
    </groups>
    <test started-at="2022-11-21T11:54:40 IST" name="Default test" finished-at="2022-11-21T11:54:40 IST" duration-ms="47">
      <class name="Demo.DemoTest">
        <test-method signature="demo()[pri:0, instance:Demo.DemoTest@5276e6b0]" started-at="2022-11-21T11:54:40 IST" name="demo" finished-at="2022-11-21T11:54:40 IST" duration-ms="10" status="PASS">
          <reporter-output>
          </reporter-output>
        </test-method> <!-- demo -->
      </class> <!-- Demo.DemoTest -->
    </test> <!-- Default test -->
  </suite> <!-- Default suite -->
</testng-results>
